app/build/intermediates/manifest_merge_blame_file/debug/manifest-merger-blame-debug-report.txt
1<?xml version="1.0" encoding="utf-8"?>
2<manifest xmlns:android="http://schemas.android.com/apk/res/android"
3    package="com.chhating"
4    android:versionCode="1"
5    android:versionName="1.0" >
6
7    <uses-sdk
8        android:minSdkVersion="24"
8-->src\main\AndroidManifest.xml
9        android:targetSdkVersion="34" />
9-->src\main\AndroidManifest.xml
10
11    <uses-feature
11-->src\main\AndroidManifest.xml:5:5-7:36
12        android:name="android.hardware.telephony"
12-->src\main\AndroidManifest.xml:6:9-50
13        android:required="false" />
13-->src\main\AndroidManifest.xml:7:9-33
14
15    <uses-permission android:name="android.permission.CALL_PHONE" />
15-->src\main\AndroidManifest.xml:9:5-69
15-->src\main\AndroidManifest.xml:9:22-66
16    <uses-permission android:name="android.permission.READ_CONTACTS" />
16-->src\main\AndroidManifest.xml:10:5-72
16-->src\main\AndroidManifest.xml:10:22-69
17    <uses-permission android:name="android.permission.WRITE_CONTACTS" />
17-->src\main\AndroidManifest.xml:11:5-73
17-->src\main\AndroidManifest.xml:11:22-70
18
19    <!-- Although the *SdkVersion is captured in gradle build files, this is required for non gradle builds -->
20    <!-- <uses-sdk android:minSdkVersion="14"/> -->
21    <uses-permission android:name="android.permission.ACCESS_NETWORK_STATE" />
21-->[com.google.firebase:firebase-database:20.1.0] AndroidManifest.xml:24:5-79
21-->[com.google.firebase:firebase-database:20.1.0] AndroidManifest.xml:24:22-76
22    <uses-permission android:name="android.permission.INTERNET" />
22-->[com.google.firebase:firebase-database:20.1.0] AndroidManifest.xml:25:5-67
22-->[com.google.firebase:firebase-database:20.1.0] AndroidManifest.xml:25:22-64
23
24    <permission
24-->[androidx.core:core:1.9.0] AndroidManifest.xml:22:5-24:47
25        android:name="com.chhating.DYNAMIC_RECEIVER_NOT_EXPORTED_PERMISSION"
25-->[androidx.core:core:1.9.0] AndroidManifest.xml:23:9-81
26        android:protectionLevel="signature" />
26-->[androidx.core:core:1.9.0] AndroidManifest.xml:24:9-44
27
28    <uses-permission android:name="com.chhating.DYNAMIC_RECEIVER_NOT_EXPORTED_PERMISSION" />
28-->[androidx.core:core:1.9.0] AndroidManifest.xml:26:5-97
28-->[androidx.core:core:1.9.0] AndroidManifest.xml:26:22-94
29
30    <application
30-->src\main\AndroidManifest.xml:13:5-57:19
31        android:allowBackup="true"
31-->src\main\AndroidManifest.xml:14:9-35
32        android:appComponentFactory="androidx.core.app.CoreComponentFactory"
32-->[androidx.core:core:1.9.0] AndroidManifest.xml:28:18-86
33        android:dataExtractionRules="@xml/data_extraction_rules"
33-->src\main\AndroidManifest.xml:15:9-65
34        android:debuggable="true"
35        android:extractNativeLibs="false"
36        android:fullBackupContent="@xml/backup_rules"
36-->src\main\AndroidManifest.xml:16:9-54
37        android:icon="@drawable/logo"
37-->src\main\AndroidManifest.xml:17:9-38
38        android:label="@string/app_name"
38-->src\main\AndroidManifest.xml:18:9-41
39        android:roundIcon="@drawable/logo"
39-->src\main\AndroidManifest.xml:19:9-43
40        android:supportsRtl="true"
40-->src\main\AndroidManifest.xml:20:9-35
41        android:testOnly="true"
42        android:theme="@style/Theme.Chhating" >
42-->src\main\AndroidManifest.xml:21:9-46
43        <activity
43-->src\main\AndroidManifest.xml:23:9-26:52
44            android:name="com.chhating.Calling"
44-->src\main\AndroidManifest.xml:24:13-36
45            android:exported="false"
45-->src\main\AndroidManifest.xml:25:13-37
46            android:screenOrientation="portrait" />
46-->src\main\AndroidManifest.xml:26:13-49
47        <activity
47-->src\main\AndroidManifest.xml:27:9-30:52
48            android:name="com.chhating.SettingAct"
48-->src\main\AndroidManifest.xml:28:13-39
49            android:exported="false"
49-->src\main\AndroidManifest.xml:29:13-37
50            android:screenOrientation="portrait" />
50-->src\main\AndroidManifest.xml:30:13-49
51        <activity
51-->src\main\AndroidManifest.xml:31:9-34:52
52            android:name="com.chhating.ChatActivity"
52-->src\main\AndroidManifest.xml:32:13-41
53            android:exported="false"
53-->src\main\AndroidManifest.xml:33:13-37
54            android:screenOrientation="portrait" />
54-->src\main\AndroidManifest.xml:34:13-49
55        <activity
55-->src\main\AndroidManifest.xml:35:9-38:52
56            android:name="com.chhating.Registation"
56-->src\main\AndroidManifest.xml:36:13-40
57            android:exported="false"
57-->src\main\AndroidManifest.xml:37:13-37
58            android:screenOrientation="portrait" />
58-->src\main\AndroidManifest.xml:38:13-49
59        <activity
59-->src\main\AndroidManifest.xml:39:9-42:52
60            android:name="com.chhating.Login"
60-->src\main\AndroidManifest.xml:40:13-34
61            android:exported="false"
61-->src\main\AndroidManifest.xml:41:13-37
62            android:screenOrientation="portrait" />
62-->src\main\AndroidManifest.xml:42:13-49
63        <activity
63-->src\main\AndroidManifest.xml:43:9-46:52
64            android:name="com.chhating.MainActivity"
64-->src\main\AndroidManifest.xml:44:13-41
65            android:exported="false"
65-->src\main\AndroidManifest.xml:45:13-37
66            android:screenOrientation="portrait" />
66-->src\main\AndroidManifest.xml:46:13-49
67        <activity
67-->src\main\AndroidManifest.xml:47:9-56:20
68            android:name="com.chhating.SplashActivity"
68-->src\main\AndroidManifest.xml:48:13-43
69            android:exported="true"
69-->src\main\AndroidManifest.xml:49:13-36
70            android:screenOrientation="portrait" >
70-->src\main\AndroidManifest.xml:50:13-49
71            <intent-filter>
71-->src\main\AndroidManifest.xml:51:13-55:29
72                <action android:name="android.intent.action.MAIN" />
72-->src\main\AndroidManifest.xml:52:17-69
72-->src\main\AndroidManifest.xml:52:25-66
73
74                <category android:name="android.intent.category.LAUNCHER" />
74-->src\main\AndroidManifest.xml:54:17-77
74-->src\main\AndroidManifest.xml:54:27-74
75            </intent-filter>
76        </activity>
77
78        <service
78-->[com.google.firebase:firebase-database:20.1.0] AndroidManifest.xml:28:9-34:19
79            android:name="com.google.firebase.components.ComponentDiscoveryService"
79-->[com.google.firebase:firebase-database:20.1.0] AndroidManifest.xml:29:13-84
80            android:directBootAware="true"
80-->[com.google.firebase:firebase-common:20.2.0] AndroidManifest.xml:34:13-43
81            android:exported="false" >
81-->[com.google.firebase:firebase-database:20.1.0] AndroidManifest.xml:30:13-37
82            <meta-data
82-->[com.google.firebase:firebase-database:20.1.0] AndroidManifest.xml:31:13-33:85
83                android:name="com.google.firebase.components:com.google.firebase.database.DatabaseRegistrar"
83-->[com.google.firebase:firebase-database:20.1.0] AndroidManifest.xml:32:17-109
84                android:value="com.google.firebase.components.ComponentRegistrar" />
84-->[com.google.firebase:firebase-database:20.1.0] AndroidManifest.xml:33:17-82
85            <meta-data
85-->[com.google.firebase:firebase-auth:21.1.0] AndroidManifest.xml:67:13-69:85
86                android:name="com.google.firebase.components:com.google.firebase.auth.FirebaseAuthRegistrar"
86-->[com.google.firebase:firebase-auth:21.1.0] AndroidManifest.xml:68:17-109
87                android:value="com.google.firebase.components.ComponentRegistrar" />
87-->[com.google.firebase:firebase-auth:21.1.0] AndroidManifest.xml:69:17-82
88            <meta-data
88-->[com.google.firebase:firebase-storage:20.1.0] AndroidManifest.xml:32:13-34:85
89                android:name="com.google.firebase.components:com.google.firebase.storage.StorageRegistrar"
89-->[com.google.firebase:firebase-storage:20.1.0] AndroidManifest.xml:33:17-107
90                android:value="com.google.firebase.components.ComponentRegistrar" />
90-->[com.google.firebase:firebase-storage:20.1.0] AndroidManifest.xml:34:17-82
91        </service>
92
93        <activity
93-->[com.google.firebase:firebase-auth:21.1.0] AndroidManifest.xml:27:9-44:20
94            android:name="com.google.firebase.auth.internal.GenericIdpActivity"
94-->[com.google.firebase:firebase-auth:21.1.0] AndroidManifest.xml:28:13-80
95            android:excludeFromRecents="true"
95-->[com.google.firebase:firebase-auth:21.1.0] AndroidManifest.xml:29:13-46
96            android:exported="true"
96-->[com.google.firebase:firebase-auth:21.1.0] AndroidManifest.xml:30:13-36
97            android:launchMode="singleTask"
97-->[com.google.firebase:firebase-auth:21.1.0] AndroidManifest.xml:31:13-44
98            android:theme="@android:style/Theme.Translucent.NoTitleBar" >
98-->[com.google.firebase:firebase-auth:21.1.0] AndroidManifest.xml:32:13-72
99            <intent-filter>
99-->[com.google.firebase:firebase-auth:21.1.0] AndroidManifest.xml:33:13-43:29
100                <action android:name="android.intent.action.VIEW" />
100-->[com.google.firebase:firebase-auth:21.1.0] AndroidManifest.xml:34:17-69
100-->[com.google.firebase:firebase-auth:21.1.0] AndroidManifest.xml:34:25-66
101
102                <category android:name="android.intent.category.DEFAULT" />
102-->[com.google.firebase:firebase-auth:21.1.0] AndroidManifest.xml:36:17-76
102-->[com.google.firebase:firebase-auth:21.1.0] AndroidManifest.xml:36:27-73
103                <category android:name="android.intent.category.BROWSABLE" />
103-->[com.google.firebase:firebase-auth:21.1.0] AndroidManifest.xml:37:17-78
103-->[com.google.firebase:firebase-auth:21.1.0] AndroidManifest.xml:37:27-75
104
105                <data
105-->[com.google.firebase:firebase-auth:21.1.0] AndroidManifest.xml:39:17-42:51
106                    android:host="firebase.auth"
106-->[com.google.firebase:firebase-auth:21.1.0] AndroidManifest.xml:40:21-49
107                    android:path="/"
107-->[com.google.firebase:firebase-auth:21.1.0] AndroidManifest.xml:41:21-37
108                    android:scheme="genericidp" />
108-->[com.google.firebase:firebase-auth:21.1.0] AndroidManifest.xml:42:21-48
109            </intent-filter>
110        </activity>
111        <activity
111-->[com.google.firebase:firebase-auth:21.1.0] AndroidManifest.xml:45:9-62:20
112            android:name="com.google.firebase.auth.internal.RecaptchaActivity"
112-->[com.google.firebase:firebase-auth:21.1.0] AndroidManifest.xml:46:13-79
113            android:excludeFromRecents="true"
113-->[com.google.firebase:firebase-auth:21.1.0] AndroidManifest.xml:47:13-46
114            android:exported="true"
114-->[com.google.firebase:firebase-auth:21.1.0] AndroidManifest.xml:48:13-36
115            android:launchMode="singleTask"
115-->[com.google.firebase:firebase-auth:21.1.0] AndroidManifest.xml:49:13-44
116            android:theme="@android:style/Theme.Translucent.NoTitleBar" >
116-->[com.google.firebase:firebase-auth:21.1.0] AndroidManifest.xml:50:13-72
117            <intent-filter>
117-->[com.google.firebase:firebase-auth:21.1.0] AndroidManifest.xml:51:13-61:29
118                <action android:name="android.intent.action.VIEW" />
118-->[com.google.firebase:firebase-auth:21.1.0] AndroidManifest.xml:34:17-69
118-->[com.google.firebase:firebase-auth:21.1.0] AndroidManifest.xml:34:25-66
119
120                <category android:name="android.intent.category.DEFAULT" />
120-->[com.google.firebase:firebase-auth:21.1.0] AndroidManifest.xml:36:17-76
120-->[com.google.firebase:firebase-auth:21.1.0] AndroidManifest.xml:36:27-73
121                <category android:name="android.intent.category.BROWSABLE" />
121-->[com.google.firebase:firebase-auth:21.1.0] AndroidManifest.xml:37:17-78
121-->[com.google.firebase:firebase-auth:21.1.0] AndroidManifest.xml:37:27-75
122
123                <data
123-->[com.google.firebase:firebase-auth:21.1.0] AndroidManifest.xml:39:17-42:51
124                    android:host="firebase.auth"
124-->[com.google.firebase:firebase-auth:21.1.0] AndroidManifest.xml:40:21-49
125                    android:path="/"
125-->[com.google.firebase:firebase-auth:21.1.0] AndroidManifest.xml:41:21-37
126                    android:scheme="recaptcha" />
126-->[com.google.firebase:firebase-auth:21.1.0] AndroidManifest.xml:42:21-48
127            </intent-filter>
128        </activity>
129
130        <provider
130-->[com.squareup.picasso:picasso:2.8] AndroidManifest.xml:8:9-11:40
131            android:name="com.squareup.picasso.PicassoProvider"
131-->[com.squareup.picasso:picasso:2.8] AndroidManifest.xml:9:13-64
132            android:authorities="com.chhating.com.squareup.picasso"
132-->[com.squareup.picasso:picasso:2.8] AndroidManifest.xml:10:13-72
133            android:exported="false" />
133-->[com.squareup.picasso:picasso:2.8] AndroidManifest.xml:11:13-37
134
135        <activity
135-->[com.google.android.gms:play-services-base:18.0.1] AndroidManifest.xml:20:9-22:45
136            android:name="com.google.android.gms.common.api.GoogleApiActivity"
136-->[com.google.android.gms:play-services-base:18.0.1] AndroidManifest.xml:20:19-85
137            android:exported="false"
137-->[com.google.android.gms:play-services-base:18.0.1] AndroidManifest.xml:22:19-43
138            android:theme="@android:style/Theme.Translucent.NoTitleBar" />
138-->[com.google.android.gms:play-services-base:18.0.1] AndroidManifest.xml:21:19-78
139
140        <provider
140-->[com.google.firebase:firebase-common:20.2.0] AndroidManifest.xml:25:9-30:39
141            android:name="com.google.firebase.provider.FirebaseInitProvider"
141-->[com.google.firebase:firebase-common:20.2.0] AndroidManifest.xml:26:13-77
142            android:authorities="com.chhating.firebaseinitprovider"
142-->[com.google.firebase:firebase-common:20.2.0] AndroidManifest.xml:27:13-72
143            android:directBootAware="true"
143-->[com.google.firebase:firebase-common:20.2.0] AndroidManifest.xml:28:13-43
144            android:exported="false"
144-->[com.google.firebase:firebase-common:20.2.0] AndroidManifest.xml:29:13-37
145            android:initOrder="100" />
145-->[com.google.firebase:firebase-common:20.2.0] AndroidManifest.xml:30:13-36
146
147        <meta-data
147-->[com.google.android.gms:play-services-basement:18.1.0] AndroidManifest.xml:21:9-23:69
148            android:name="com.google.android.gms.version"
148-->[com.google.android.gms:play-services-basement:18.1.0] AndroidManifest.xml:22:13-58
149            android:value="@integer/google_play_services_version" />
149-->[com.google.android.gms:play-services-basement:18.1.0] AndroidManifest.xml:23:13-66
150
151        <provider
151-->[androidx.emoji2:emoji2:1.2.0] AndroidManifest.xml:24:9-32:20
152            android:name="androidx.startup.InitializationProvider"
152-->[androidx.emoji2:emoji2:1.2.0] AndroidManifest.xml:25:13-67
153            android:authorities="com.chhating.androidx-startup"
153-->[androidx.emoji2:emoji2:1.2.0] AndroidManifest.xml:26:13-68
154            android:exported="false" >
154-->[androidx.emoji2:emoji2:1.2.0] AndroidManifest.xml:27:13-37
155            <meta-data
155-->[androidx.emoji2:emoji2:1.2.0] AndroidManifest.xml:29:13-31:52
156                android:name="androidx.emoji2.text.EmojiCompatInitializer"
156-->[androidx.emoji2:emoji2:1.2.0] AndroidManifest.xml:30:17-75
157                android:value="androidx.startup" />
157-->[androidx.emoji2:emoji2:1.2.0] AndroidManifest.xml:31:17-49
158            <meta-data
158-->[androidx.lifecycle:lifecycle-process:2.4.1] AndroidManifest.xml:31:13-33:52
159                android:name="androidx.lifecycle.ProcessLifecycleInitializer"
159-->[androidx.lifecycle:lifecycle-process:2.4.1] AndroidManifest.xml:32:17-78
160                android:value="androidx.startup" />
160-->[androidx.lifecycle:lifecycle-process:2.4.1] AndroidManifest.xml:33:17-49
161        </provider>
162    </application>
163
164</manifest>